2018-05-23 19:32:34.915  INFO 11656 --- [restartedMain] c.c.SpringbootwebdemoApplication         : Starting SpringbootwebdemoApplication on APHQH2R32 with PID 11656 (D:\work\springbootwebdemo\target\classes started by g707327 in D:\work\springbootwebdemo)
2018-05-23 19:32:34.916  INFO 11656 --- [restartedMain] c.c.SpringbootwebdemoApplication         : No active profile set, falling back to default profiles: default
2018-05-23 19:32:34.923  INFO 11656 --- [restartedMain] ationConfigEmbeddedWebApplicationContext : Refreshing org.springframework.boot.context.embedded.AnnotationConfigEmbeddedWebApplicationContext@50a6583: startup date [Wed May 23 19:32:34 CST 2018]; root of context hierarchy
2018-05-23 19:32:35.577  INFO 11656 --- [restartedMain] s.b.c.e.t.TomcatEmbeddedServletContainer : Tomcat initialized with port(s): 8000 (http)
2018-05-23 19:32:35.578  INFO 11656 --- [restartedMain] o.apache.catalina.core.StandardService   : Starting service [Tomcat]
2018-05-23 19:32:35.579  INFO 11656 --- [restartedMain] org.apache.catalina.core.StandardEngine  : Starting Servlet Engine: Apache Tomcat/8.5.16
2018-05-23 19:32:35.624  INFO 11656 --- [localhost-startStop-1] o.a.c.c.C.[Tomcat].[localhost].[/]       : Initializing Spring embedded WebApplicationContext
2018-05-23 19:32:35.626  INFO 11656 --- [localhost-startStop-1] o.s.web.context.ContextLoader            : Root WebApplicationContext: initialization completed in 703 ms
2018-05-23 19:32:35.668  INFO 11656 --- [localhost-startStop-1] o.s.b.w.servlet.ServletRegistrationBean  : Mapping servlet: 'dispatcherServlet' to [/]
2018-05-23 19:32:35.669  INFO 11656 --- [localhost-startStop-1] o.s.b.w.servlet.FilterRegistrationBean   : Mapping filter: 'characterEncodingFilter' to: [/*]
2018-05-23 19:32:35.669  INFO 11656 --- [localhost-startStop-1] o.s.b.w.servlet.FilterRegistrationBean   : Mapping filter: 'hiddenHttpMethodFilter' to: [/*]
2018-05-23 19:32:35.669  INFO 11656 --- [localhost-startStop-1] o.s.b.w.servlet.FilterRegistrationBean   : Mapping filter: 'httpPutFormContentFilter' to: [/*]
2018-05-23 19:32:35.669  INFO 11656 --- [localhost-startStop-1] o.s.b.w.servlet.FilterRegistrationBean   : Mapping filter: 'requestContextFilter' to: [/*]
2018-05-23 19:32:36.986  INFO 11656 --- [restartedMain] c.m.f.w.m.a.WxMappingHandlerMapping      : Mapped "{课程预约,category=BUTTON,eventKey=LEFT,buttons=[CLICK]}" onto public void com.curriculum.controller.WxMenuController.left()
2018-05-23 19:32:36.987  INFO 11656 --- [restartedMain] c.m.f.w.m.a.WxMappingHandlerMapping      : Mapped "{其它,category=BUTTON,eventKey=RIGHT,buttons=[CLICK]}" onto public void com.curriculum.controller.WxMenuController.right()
2018-05-23 19:32:36.987  INFO 11656 --- [restartedMain] c.m.f.w.m.a.WxMappingHandlerMapping      : Mapped "{公司介绍,category=BUTTON,eventKey=MIDDLE,buttons=[CLICK]}" onto public com.mxixm.fastboot.weixin.module.message.WxMessage com.curriculum.controller.WxMenuController.center()
2018-05-23 19:32:36.988  INFO 11656 --- [restartedMain] c.m.f.w.m.a.WxMappingHandlerMapping      : Mapped "{用户认证,category=BUTTON,eventKey=https://open.weixin.qq.com/connect/oauth2/authorize?appid=wxa4c162a7196e4bde&redirect_uri=http%3A%2F%2Fd3njtf.natappfree.cc%2Fwx%2Fregister&response_type=code&scope=snsapi_base&state#wechat_redirect,buttons=[VIEW]}" onto public void com.curriculum.controller.WxMenuController.leftSub1()
2018-05-23 19:32:36.988  INFO 11656 --- [restartedMain] c.m.f.w.m.a.WxMappingHandlerMapping      : Mapped "{选课约课,category=BUTTON,eventKey=https://open.weixin.qq.com/connect/oauth2/authorize?appid=wxa4c162a7196e4bde&redirect_uri=http%3A%2F%2Fd3njtf.natappfree.cc%2Fwx%2Fcourse&response_type=code&scope=snsapi_base&state#wechat_redirect,buttons=[VIEW]}" onto public void com.curriculum.controller.WxMenuController.leftSub2()
2018-05-23 19:32:36.988  INFO 11656 --- [restartedMain] c.m.f.w.m.a.WxMappingHandlerMapping      : Mapped "{其他1,category=BUTTON,eventKey=RIGHT_1,buttons=[CLICK]}" onto public com.mxixm.fastboot.weixin.module.message.WxMessage com.curriculum.controller.WxMenuController.rightSub1()
2018-05-23 19:32:36.988  INFO 11656 --- [restartedMain] c.m.f.w.m.a.WxMappingHandlerMapping      : Mapped "{其他2,category=BUTTON,eventKey=RIGHT_2,buttons=[CLICK]}" onto public com.mxixm.fastboot.weixin.module.message.WxMessage com.curriculum.controller.WxMenuController.rightSub2()
2018-05-23 19:32:36.994  INFO 11656 --- [restartedMain] c.m.f.w.m.a.WxMappingHandlerMapping      : Mapped "{,category=EVENT,events=[SUBSCRIBE]}" onto public java.lang.String com.curriculum.controller.WxMenuController.subscribe(com.mxixm.fastboot.weixin.module.web.WxRequest,com.mxixm.fastboot.weixin.module.user.WxUser)
2018-05-23 19:32:36.995  INFO 11656 --- [restartedMain] c.m.f.w.m.a.WxMappingHandlerMapping      : Mapped "{,category=EVENT,events=[UNSUBSCRIBE]}" onto public void com.curriculum.controller.WxMenuController.unSubscribe(com.mxixm.fastboot.weixin.module.web.WxRequest,com.mxixm.fastboot.weixin.module.user.WxUser)
2018-05-23 19:32:37.068  INFO 11656 --- [restartedMain] s.w.s.m.m.a.RequestMappingHandlerAdapter : Looking for @ControllerAdvice: org.springframework.boot.context.embedded.AnnotationConfigEmbeddedWebApplicationContext@50a6583: startup date [Wed May 23 19:32:34 CST 2018]; root of context hierarchy
2018-05-23 19:32:37.071  INFO 11656 --- [restartedMain] s.w.s.m.m.a.RequestMappingHandlerAdapter : Detected ResponseBodyAdvice bean in wxMessageResponseBodyAdvice
2018-05-23 19:32:37.071  INFO 11656 --- [restartedMain] s.w.s.m.m.a.RequestMappingHandlerAdapter : Detected ResponseBodyAdvice bean in wxStringResponseBodyAdvice
2018-05-23 19:32:37.072  INFO 11656 --- [restartedMain] s.w.s.m.m.a.RequestMappingHandlerAdapter : Detected ResponseBodyAdvice bean in wxMediaResponseBodyAdvice
2018-05-23 19:32:37.103  INFO 11656 --- [restartedMain] s.w.s.m.m.a.RequestMappingHandlerMapping : Mapped "{[/wx/register]}" onto public java.lang.String com.curriculum.controller.WxCurrichlumController.index(org.springframework.ui.Model)
2018-05-23 19:32:37.103  INFO 11656 --- [restartedMain] s.w.s.m.m.a.RequestMappingHandlerMapping : Mapped "{[/wx/course],methods=[GET]}" onto public java.lang.String com.curriculum.controller.WxCurrichlumController.login()
2018-05-23 19:32:37.104  INFO 11656 --- [restartedMain] s.w.s.m.m.a.RequestMappingHandlerMapping : Mapped "{[/loginPost],methods=[POST]}" onto public java.util.Map<java.lang.String, java.lang.Object> com.curriculum.controller.WxCurrichlumController.loginPost(java.lang.String,java.lang.String,javax.servlet.http.HttpSession)
2018-05-23 19:32:37.104  INFO 11656 --- [restartedMain] s.w.s.m.m.a.RequestMappingHandlerMapping : Mapped "{[/logout],methods=[GET]}" onto public java.lang.String com.curriculum.controller.WxCurrichlumController.logout(javax.servlet.http.HttpSession)
2018-05-23 19:32:37.106  INFO 11656 --- [restartedMain] s.w.s.m.m.a.RequestMappingHandlerMapping : Mapped "{[/error]}" onto public org.springframework.http.ResponseEntity<java.util.Map<java.lang.String, java.lang.Object>> org.springframework.boot.autoconfigure.web.BasicErrorController.error(javax.servlet.http.HttpServletRequest)
2018-05-23 19:32:37.108  INFO 11656 --- [restartedMain] s.w.s.m.m.a.RequestMappingHandlerMapping : Mapped "{[/error],produces=[text/html]}" onto public org.springframework.web.servlet.ModelAndView org.springframework.boot.autoconfigure.web.BasicErrorController.errorHtml(javax.servlet.http.HttpServletRequest,javax.servlet.http.HttpServletResponse)
2018-05-23 19:32:37.118  INFO 11656 --- [restartedMain] o.s.w.s.handler.SimpleUrlHandlerMapping  : Mapped URL path [/webjars/**] onto handler of type [class org.springframework.web.servlet.resource.ResourceHttpRequestHandler]
2018-05-23 19:32:37.119  INFO 11656 --- [restartedMain] o.s.w.s.handler.SimpleUrlHandlerMapping  : Mapped URL path [/**] onto handler of type [class org.springframework.web.servlet.resource.ResourceHttpRequestHandler]
2018-05-23 19:32:37.126  INFO 11656 --- [restartedMain] .m.m.a.ExceptionHandlerExceptionResolver : Detected ResponseBodyAdvice implementation in wxMessageResponseBodyAdvice
2018-05-23 19:32:37.127  INFO 11656 --- [restartedMain] .m.m.a.ExceptionHandlerExceptionResolver : Detected ResponseBodyAdvice implementation in wxStringResponseBodyAdvice
2018-05-23 19:32:37.128  INFO 11656 --- [restartedMain] .m.m.a.ExceptionHandlerExceptionResolver : Detected ResponseBodyAdvice implementation in wxMediaResponseBodyAdvice
2018-05-23 19:32:37.136  INFO 11656 --- [restartedMain] o.s.w.s.handler.SimpleUrlHandlerMapping  : Mapped URL path [/**/favicon.ico] onto handler of type [class org.springframework.web.servlet.resource.ResourceHttpRequestHandler]
2018-05-23 19:32:37.202  INFO 11656 --- [restartedMain] o.s.b.d.a.OptionalLiveReloadServer       : LiveReload server is running on port 35729
2018-05-23 19:32:37.241  INFO 11656 --- [restartedMain] o.s.j.e.a.AnnotationMBeanExporter        : Registering beans for JMX exposure on startup
2018-05-23 19:32:37.256  INFO 11656 --- [restartedMain] s.b.c.e.t.TomcatEmbeddedServletContainer : Tomcat started on port(s): 8000 (http)
2018-05-23 19:32:37.734  INFO 11656 --- [restartedMain] c.m.f.weixin.module.menu.WxMenuManager   : ==============================================================
2018-05-23 19:32:37.734  INFO 11656 --- [restartedMain] c.m.f.weixin.module.menu.WxMenuManager   :             菜单未发生变化             
2018-05-23 19:32:37.734  INFO 11656 --- [restartedMain] c.m.f.weixin.module.menu.WxMenuManager   :             当前菜单json为：com.mxixm.fastboot.weixin.module.menu.WxMenuManager.WxMenus(wxMenu=com.mxixm.fastboot.weixin.module.menu.WxMenuManager.WxMenu(mainButtons=[com.mxixm.fastboot.weixin.module.menu.WxButtonItem(subButtons=[com.mxixm.fastboot.weixin.module.menu.WxButtonItem(subButtons=[], group=null, type=VIEW, name=用户认证, main=false, order=null, key=null, url=https://open.weixin.qq.com/connect/oauth2/authorize?appid=wxa4c162a7196e4bde&redirect_uri=http%3A%2F%2Fd3njtf.natappfree.cc%2Fwx%2Fregister&response_type=code&scope=snsapi_base&state#wechat_redirect, mediaId=null), com.mxixm.fastboot.weixin.module.menu.WxButtonItem(subButtons=[], group=null, type=VIEW, name=选课约课, main=false, order=null, key=null, url=https://open.weixin.qq.com/connect/oauth2/authorize?appid=wxa4c162a7196e4bde&redirect_uri=http%3A%2F%2Fd3njtf.natappfree.cc%2Fwx%2Fcourse&response_type=code&scope=snsapi_base&state#wechat_redirect, mediaId=null)], group=null, type=null, name=课程预约, main=false, order=null, key=null, url=null, mediaId=null), com.mxixm.fastboot.weixin.module.menu.WxButtonItem(subButtons=[], group=null, type=CLICK, name=公司介绍, main=false, order=null, key=MIDDLE, url=null, mediaId=null), com.mxixm.fastboot.weixin.module.menu.WxButtonItem(subButtons=[com.mxixm.fastboot.weixin.module.menu.WxButtonItem(subButtons=[], group=null, type=CLICK, name=其他1, main=false, order=null, key=RIGHT_1, url=null, mediaId=null), com.mxixm.fastboot.weixin.module.menu.WxButtonItem(subButtons=[], group=null, type=CLICK, name=其他2, main=false, order=null, key=RIGHT_2, url=null, mediaId=null)], group=null, type=null, name=其它, main=false, order=null, key=null, url=null, mediaId=null)]), conditionalWxMenu=null)
2018-05-23 19:32:37.734  INFO 11656 --- [restartedMain] c.m.f.weixin.module.menu.WxMenuManager   : ==============================================================
2018-05-23 19:32:37.734  INFO 11656 --- [restartedMain] c.c.SpringbootwebdemoApplication         : Started SpringbootwebdemoApplication in 2.955 seconds (JVM running for 280.543)
2018-05-23 19:32:58.257  INFO 11656 --- [http-nio-8000-exec-1] o.a.c.c.C.[Tomcat].[localhost].[/]       : Initializing Spring FrameworkServlet 'dispatcherServlet'
2018-05-23 19:32:58.258  INFO 11656 --- [http-nio-8000-exec-1] o.s.web.servlet.DispatcherServlet        : FrameworkServlet 'dispatcherServlet': initialization started
2018-05-23 19:32:58.269  INFO 11656 --- [http-nio-8000-exec-1] o.s.web.servlet.DispatcherServlet        : FrameworkServlet 'dispatcherServlet': initialization completed in 7 ms
2018-05-23 19:32:58.777  INFO 11656 --- [WxAsyncMessage-Sender-pool-4-thread-1] .s.a.AnnotationAsyncExecutionInterceptor : No task executor bean found for async processing: no bean of type TaskExecutor and no bean named 'taskExecutor' either
2018-05-23 19:32:59.625 ERROR 11656 --- [SimpleAsyncTaskExecutor-1] com.curriculum.service.AsyncService      : download user header image failed

java.io.IOException: File '"\log"落叶知秋.jpeg' could not be created
	at org.apache.commons.io.FileUtils.openOutputStream(FileUtils.java:174) ~[commons-io-1.3.2.jar:1.3.2]
	at org.apache.commons.io.FileUtils.copyURLToFile(FileUtils.java:846) ~[commons-io-1.3.2.jar:1.3.2]
	at com.curriculum.service.AsyncService.downloadHttpUrl(AsyncService.java:45) [classes/:na]
	at com.curriculum.service.AsyncService.saveUser(AsyncService.java:36) [classes/:na]
	at com.curriculum.service.AsyncService$$FastClassBySpringCGLIB$$f1449ab8.invoke(<generated>) [classes/:na]
	at org.springframework.cglib.proxy.MethodProxy.invoke(MethodProxy.java:204) [spring-core-4.3.10.RELEASE.jar:4.3.10.RELEASE]
	at org.springframework.aop.framework.CglibAopProxy$CglibMethodInvocation.invokeJoinpoint(CglibAopProxy.java:738) [spring-aop-4.3.10.RELEASE.jar:4.3.10.RELEASE]
	at org.springframework.aop.framework.ReflectiveMethodInvocation.proceed(ReflectiveMethodInvocation.java:157) [spring-aop-4.3.10.RELEASE.jar:4.3.10.RELEASE]
	at org.springframework.aop.interceptor.AsyncExecutionInterceptor$1.call(AsyncExecutionInterceptor.java:115) [spring-aop-4.3.10.RELEASE.jar:4.3.10.RELEASE]
	at java.util.concurrent.FutureTask.run(FutureTask.java:266) [na:1.8.0_45]
	at java.lang.Thread.run(Thread.java:745) [na:1.8.0_45]

2018-05-23 19:34:22.134  INFO 11656 --- [Thread-10] ationConfigEmbeddedWebApplicationContext : Closing org.springframework.boot.context.embedded.AnnotationConfigEmbeddedWebApplicationContext@50a6583: startup date [Wed May 23 19:32:34 CST 2018]; root of context hierarchy
2018-05-23 19:34:22.140  INFO 11656 --- [Thread-10] o.s.j.e.a.AnnotationMBeanExporter        : Unregistering JMX-exposed beans on shutdown
2018-05-23 19:34:22.645  INFO 11656 --- [restartedMain] c.c.SpringbootwebdemoApplication         : Starting SpringbootwebdemoApplication on APHQH2R32 with PID 11656 (D:\work\springbootwebdemo\target\classes started by g707327 in D:\work\springbootwebdemo)
2018-05-23 19:34:22.647  INFO 11656 --- [restartedMain] c.c.SpringbootwebdemoApplication         : No active profile set, falling back to default profiles: default
2018-05-23 19:34:22.651  INFO 11656 --- [restartedMain] ationConfigEmbeddedWebApplicationContext : Refreshing org.springframework.boot.context.embedded.AnnotationConfigEmbeddedWebApplicationContext@41cf6a6c: startup date [Wed May 23 19:34:22 CST 2018]; root of context hierarchy
2018-05-23 19:34:23.239  INFO 11656 --- [restartedMain] s.b.c.e.t.TomcatEmbeddedServletContainer : Tomcat initialized with port(s): 8000 (http)
2018-05-23 19:34:23.240  INFO 11656 --- [restartedMain] o.apache.catalina.core.StandardService   : Starting service [Tomcat]
2018-05-23 19:34:23.240  INFO 11656 --- [restartedMain] org.apache.catalina.core.StandardEngine  : Starting Servlet Engine: Apache Tomcat/8.5.16
2018-05-23 19:34:23.272  INFO 11656 --- [localhost-startStop-1] o.a.c.c.C.[Tomcat].[localhost].[/]       : Initializing Spring embedded WebApplicationContext
2018-05-23 19:34:23.273  INFO 11656 --- [localhost-startStop-1] o.s.web.context.ContextLoader            : Root WebApplicationContext: initialization completed in 622 ms
2018-05-23 19:34:23.311  INFO 11656 --- [localhost-startStop-1] o.s.b.w.servlet.ServletRegistrationBean  : Mapping servlet: 'dispatcherServlet' to [/]
2018-05-23 19:34:23.312  INFO 11656 --- [localhost-startStop-1] o.s.b.w.servlet.FilterRegistrationBean   : Mapping filter: 'characterEncodingFilter' to: [/*]
2018-05-23 19:34:23.312  INFO 11656 --- [localhost-startStop-1] o.s.b.w.servlet.FilterRegistrationBean   : Mapping filter: 'hiddenHttpMethodFilter' to: [/*]
2018-05-23 19:34:23.313  INFO 11656 --- [localhost-startStop-1] o.s.b.w.servlet.FilterRegistrationBean   : Mapping filter: 'httpPutFormContentFilter' to: [/*]
2018-05-23 19:34:23.313  INFO 11656 --- [localhost-startStop-1] o.s.b.w.servlet.FilterRegistrationBean   : Mapping filter: 'requestContextFilter' to: [/*]
2018-05-23 19:34:25.105  INFO 11656 --- [restartedMain] c.m.f.w.m.a.WxMappingHandlerMapping      : Mapped "{课程预约,category=BUTTON,eventKey=LEFT,buttons=[CLICK]}" onto public void com.curriculum.controller.WxMenuController.left()
2018-05-23 19:34:25.105  INFO 11656 --- [restartedMain] c.m.f.w.m.a.WxMappingHandlerMapping      : Mapped "{其它,category=BUTTON,eventKey=RIGHT,buttons=[CLICK]}" onto public void com.curriculum.controller.WxMenuController.right()
2018-05-23 19:34:25.105  INFO 11656 --- [restartedMain] c.m.f.w.m.a.WxMappingHandlerMapping      : Mapped "{公司介绍,category=BUTTON,eventKey=MIDDLE,buttons=[CLICK]}" onto public com.mxixm.fastboot.weixin.module.message.WxMessage com.curriculum.controller.WxMenuController.center()
2018-05-23 19:34:25.106  INFO 11656 --- [restartedMain] c.m.f.w.m.a.WxMappingHandlerMapping      : Mapped "{用户认证,category=BUTTON,eventKey=https://open.weixin.qq.com/connect/oauth2/authorize?appid=wxa4c162a7196e4bde&redirect_uri=http%3A%2F%2Fd3njtf.natappfree.cc%2Fwx%2Fregister&response_type=code&scope=snsapi_base&state#wechat_redirect,buttons=[VIEW]}" onto public void com.curriculum.controller.WxMenuController.leftSub1()
2018-05-23 19:34:25.106  INFO 11656 --- [restartedMain] c.m.f.w.m.a.WxMappingHandlerMapping      : Mapped "{选课约课,category=BUTTON,eventKey=https://open.weixin.qq.com/connect/oauth2/authorize?appid=wxa4c162a7196e4bde&redirect_uri=http%3A%2F%2Fd3njtf.natappfree.cc%2Fwx%2Fcourse&response_type=code&scope=snsapi_base&state#wechat_redirect,buttons=[VIEW]}" onto public void com.curriculum.controller.WxMenuController.leftSub2()
2018-05-23 19:34:25.106  INFO 11656 --- [restartedMain] c.m.f.w.m.a.WxMappingHandlerMapping      : Mapped "{其他1,category=BUTTON,eventKey=RIGHT_1,buttons=[CLICK]}" onto public com.mxixm.fastboot.weixin.module.message.WxMessage com.curriculum.controller.WxMenuController.rightSub1()
2018-05-23 19:34:25.106  INFO 11656 --- [restartedMain] c.m.f.w.m.a.WxMappingHandlerMapping      : Mapped "{其他2,category=BUTTON,eventKey=RIGHT_2,buttons=[CLICK]}" onto public com.mxixm.fastboot.weixin.module.message.WxMessage com.curriculum.controller.WxMenuController.rightSub2()
2018-05-23 19:34:25.112  INFO 11656 --- [restartedMain] c.m.f.w.m.a.WxMappingHandlerMapping      : Mapped "{,category=EVENT,events=[SUBSCRIBE]}" onto public java.lang.String com.curriculum.controller.WxMenuController.subscribe(com.mxixm.fastboot.weixin.module.web.WxRequest,com.mxixm.fastboot.weixin.module.user.WxUser)
2018-05-23 19:34:25.112  INFO 11656 --- [restartedMain] c.m.f.w.m.a.WxMappingHandlerMapping      : Mapped "{,category=EVENT,events=[UNSUBSCRIBE]}" onto public void com.curriculum.controller.WxMenuController.unSubscribe(com.mxixm.fastboot.weixin.module.web.WxRequest,com.mxixm.fastboot.weixin.module.user.WxUser)
2018-05-23 19:34:25.173  INFO 11656 --- [restartedMain] s.w.s.m.m.a.RequestMappingHandlerAdapter : Looking for @ControllerAdvice: org.springframework.boot.context.embedded.AnnotationConfigEmbeddedWebApplicationContext@41cf6a6c: startup date [Wed May 23 19:34:22 CST 2018]; root of context hierarchy
2018-05-23 19:34:25.175  INFO 11656 --- [restartedMain] s.w.s.m.m.a.RequestMappingHandlerAdapter : Detected ResponseBodyAdvice bean in wxMessageResponseBodyAdvice
2018-05-23 19:34:25.175  INFO 11656 --- [restartedMain] s.w.s.m.m.a.RequestMappingHandlerAdapter : Detected ResponseBodyAdvice bean in wxStringResponseBodyAdvice
2018-05-23 19:34:25.176  INFO 11656 --- [restartedMain] s.w.s.m.m.a.RequestMappingHandlerAdapter : Detected ResponseBodyAdvice bean in wxMediaResponseBodyAdvice
2018-05-23 19:34:25.214  INFO 11656 --- [restartedMain] s.w.s.m.m.a.RequestMappingHandlerMapping : Mapped "{[/wx/register]}" onto public java.lang.String com.curriculum.controller.WxCurrichlumController.index(org.springframework.ui.Model)
2018-05-23 19:34:25.215  INFO 11656 --- [restartedMain] s.w.s.m.m.a.RequestMappingHandlerMapping : Mapped "{[/wx/course],methods=[GET]}" onto public java.lang.String com.curriculum.controller.WxCurrichlumController.login()
2018-05-23 19:34:25.215  INFO 11656 --- [restartedMain] s.w.s.m.m.a.RequestMappingHandlerMapping : Mapped "{[/loginPost],methods=[POST]}" onto public java.util.Map<java.lang.String, java.lang.Object> com.curriculum.controller.WxCurrichlumController.loginPost(java.lang.String,java.lang.String,javax.servlet.http.HttpSession)
2018-05-23 19:34:25.215  INFO 11656 --- [restartedMain] s.w.s.m.m.a.RequestMappingHandlerMapping : Mapped "{[/logout],methods=[GET]}" onto public java.lang.String com.curriculum.controller.WxCurrichlumController.logout(javax.servlet.http.HttpSession)
2018-05-23 19:34:25.217  INFO 11656 --- [restartedMain] s.w.s.m.m.a.RequestMappingHandlerMapping : Mapped "{[/error]}" onto public org.springframework.http.ResponseEntity<java.util.Map<java.lang.String, java.lang.Object>> org.springframework.boot.autoconfigure.web.BasicErrorController.error(javax.servlet.http.HttpServletRequest)
2018-05-23 19:34:25.218  INFO 11656 --- [restartedMain] s.w.s.m.m.a.RequestMappingHandlerMapping : Mapped "{[/error],produces=[text/html]}" onto public org.springframework.web.servlet.ModelAndView org.springframework.boot.autoconfigure.web.BasicErrorController.errorHtml(javax.servlet.http.HttpServletRequest,javax.servlet.http.HttpServletResponse)
2018-05-23 19:34:25.224  INFO 11656 --- [restartedMain] o.s.w.s.handler.SimpleUrlHandlerMapping  : Mapped URL path [/webjars/**] onto handler of type [class org.springframework.web.servlet.resource.ResourceHttpRequestHandler]
2018-05-23 19:34:25.224  INFO 11656 --- [restartedMain] o.s.w.s.handler.SimpleUrlHandlerMapping  : Mapped URL path [/**] onto handler of type [class org.springframework.web.servlet.resource.ResourceHttpRequestHandler]
2018-05-23 19:34:25.232  INFO 11656 --- [restartedMain] .m.m.a.ExceptionHandlerExceptionResolver : Detected ResponseBodyAdvice implementation in wxMessageResponseBodyAdvice
2018-05-23 19:34:25.232  INFO 11656 --- [restartedMain] .m.m.a.ExceptionHandlerExceptionResolver : Detected ResponseBodyAdvice implementation in wxStringResponseBodyAdvice
2018-05-23 19:34:25.232  INFO 11656 --- [restartedMain] .m.m.a.ExceptionHandlerExceptionResolver : Detected ResponseBodyAdvice implementation in wxMediaResponseBodyAdvice
2018-05-23 19:34:25.238  INFO 11656 --- [restartedMain] o.s.w.s.handler.SimpleUrlHandlerMapping  : Mapped URL path [/**/favicon.ico] onto handler of type [class org.springframework.web.servlet.resource.ResourceHttpRequestHandler]
2018-05-23 19:34:25.284  INFO 11656 --- [restartedMain] o.s.b.d.a.OptionalLiveReloadServer       : LiveReload server is running on port 35729
2018-05-23 19:34:25.325  INFO 11656 --- [restartedMain] o.s.j.e.a.AnnotationMBeanExporter        : Registering beans for JMX exposure on startup
2018-05-23 19:34:25.340  INFO 11656 --- [restartedMain] s.b.c.e.t.TomcatEmbeddedServletContainer : Tomcat started on port(s): 8000 (http)
2018-05-23 19:34:25.781  INFO 11656 --- [restartedMain] c.m.f.weixin.module.menu.WxMenuManager   : ==============================================================
2018-05-23 19:34:25.781  INFO 11656 --- [restartedMain] c.m.f.weixin.module.menu.WxMenuManager   :             菜单未发生变化             
2018-05-23 19:34:25.782  INFO 11656 --- [restartedMain] c.m.f.weixin.module.menu.WxMenuManager   :             当前菜单json为：com.mxixm.fastboot.weixin.module.menu.WxMenuManager.WxMenus(wxMenu=com.mxixm.fastboot.weixin.module.menu.WxMenuManager.WxMenu(mainButtons=[com.mxixm.fastboot.weixin.module.menu.WxButtonItem(subButtons=[com.mxixm.fastboot.weixin.module.menu.WxButtonItem(subButtons=[], group=null, type=VIEW, name=用户认证, main=false, order=null, key=null, url=https://open.weixin.qq.com/connect/oauth2/authorize?appid=wxa4c162a7196e4bde&redirect_uri=http%3A%2F%2Fd3njtf.natappfree.cc%2Fwx%2Fregister&response_type=code&scope=snsapi_base&state#wechat_redirect, mediaId=null), com.mxixm.fastboot.weixin.module.menu.WxButtonItem(subButtons=[], group=null, type=VIEW, name=选课约课, main=false, order=null, key=null, url=https://open.weixin.qq.com/connect/oauth2/authorize?appid=wxa4c162a7196e4bde&redirect_uri=http%3A%2F%2Fd3njtf.natappfree.cc%2Fwx%2Fcourse&response_type=code&scope=snsapi_base&state#wechat_redirect, mediaId=null)], group=null, type=null, name=课程预约, main=false, order=null, key=null, url=null, mediaId=null), com.mxixm.fastboot.weixin.module.menu.WxButtonItem(subButtons=[], group=null, type=CLICK, name=公司介绍, main=false, order=null, key=MIDDLE, url=null, mediaId=null), com.mxixm.fastboot.weixin.module.menu.WxButtonItem(subButtons=[com.mxixm.fastboot.weixin.module.menu.WxButtonItem(subButtons=[], group=null, type=CLICK, name=其他1, main=false, order=null, key=RIGHT_1, url=null, mediaId=null), com.mxixm.fastboot.weixin.module.menu.WxButtonItem(subButtons=[], group=null, type=CLICK, name=其他2, main=false, order=null, key=RIGHT_2, url=null, mediaId=null)], group=null, type=null, name=其它, main=false, order=null, key=null, url=null, mediaId=null)]), conditionalWxMenu=null)
2018-05-23 19:34:25.782  INFO 11656 --- [restartedMain] c.m.f.weixin.module.menu.WxMenuManager   : ==============================================================
2018-05-23 19:34:25.782  INFO 11656 --- [restartedMain] c.c.SpringbootwebdemoApplication         : Started SpringbootwebdemoApplication in 3.186 seconds (JVM running for 388.594)
2018-05-23 19:34:43.441  INFO 11656 --- [http-nio-8000-exec-1] o.a.c.c.C.[Tomcat].[localhost].[/]       : Initializing Spring FrameworkServlet 'dispatcherServlet'
2018-05-23 19:34:43.442  INFO 11656 --- [http-nio-8000-exec-1] o.s.web.servlet.DispatcherServlet        : FrameworkServlet 'dispatcherServlet': initialization started
2018-05-23 19:34:43.452  INFO 11656 --- [http-nio-8000-exec-1] o.s.web.servlet.DispatcherServlet        : FrameworkServlet 'dispatcherServlet': initialization completed in 10 ms
2018-05-23 19:34:43.924  INFO 11656 --- [WxAsyncMessage-Sender-pool-5-thread-1] .s.a.AnnotationAsyncExecutionInterceptor : No task executor bean found for async processing: no bean of type TaskExecutor and no bean named 'taskExecutor' either
2018-05-23 19:40:10.597  INFO 11656 --- [Thread-16] ationConfigEmbeddedWebApplicationContext : Closing org.springframework.boot.context.embedded.AnnotationConfigEmbeddedWebApplicationContext@41cf6a6c: startup date [Wed May 23 19:34:22 CST 2018]; root of context hierarchy
2018-05-23 19:40:10.604  INFO 11656 --- [Thread-16] o.s.j.e.a.AnnotationMBeanExporter        : Unregistering JMX-exposed beans on shutdown
